<?xml version="1.0" encoding="UTF-8"?>
<con:testCase id="e1bda888-f373-47c2-a69a-f7155a5bef54" discardOkResults="false" failOnError="false" failTestCaseOnErrors="true" keepSession="false" name="Test Case 1" searchProperties="true" timeout="0" xmlns:con="http://eviware.com/soapui/config">
  <con:settings>
    <con:setting id="e1bda888-f373-47c2-a69a-f7155a5bef54fileName">Test-Case-1</con:setting>
  </con:settings>
  <con:properties/>
  <con:reportParameters/>
</con:testCase>
