<?xml version="1.0" encoding="UTF-8"?>
<con:testCase id="afdaf399-b22a-4696-b0fd-2680c3f74072" discardOkResults="false" failOnError="false" failTestCaseOnErrors="true" keepSession="false" name="Test Case 1" searchProperties="true" timeout="0" xmlns:con="http://eviware.com/soapui/config">
  <con:settings>
    <con:setting id="afdaf399-b22a-4696-b0fd-2680c3f74072fileName">Test-Case-1</con:setting>
  </con:settings>
  <con:properties/>
  <con:reportParameters/>
</con:testCase>
